<?xml version="1.0" encoding="UTF-8"?>
<!-- Generated by org.testng.reporters.JUnitReportReporter -->
<testsuite hostname="suthir-HP-Pavilion-Laptop-15-cc1xx" failures="0" tests="3" name="com.takeaway.codechallenge.tests.RestAPITest" time="2.373" errors="0" timestamp="19 Nov 2020 22:29:14 GMT" skipped="0">
  <testcase classname="com.takeaway.codechallenge.tests.RestAPITest" name="eggsCount" time="0.402"/>
  <testcase classname="com.takeaway.codechallenge.tests.RestAPITest" name="barnUnlock" time="1.506"/>
  <testcase classname="com.takeaway.codechallenge.tests.RestAPITest" name="chickenFeed" time="0.465"/>
</testsuite> <!-- com.takeaway.codechallenge.tests.RestAPITest -->
